
controller_node=`kubectl get node -o wide --no-headers | grep -E "control-plane|bpf1" | awk -F " " '{print $1}'`
docker cp $controller_node:/minica/minica.pem ./minica.pem

sed -i '/bookinfo\.cilium\.rocks\|hipstershop\.cilium\.rocks/d' /etc/hosts
tee -a /etc/hosts <<<"$(kubectl get svc/cilium-gateway-tls-gateway -o=jsonpath='{.status.loadBalancer.ingress[0].ip}') bookinfo.cilium.rocks hipstershop.cilium.rocks"
172.18.0.200 bookinfo.cilium.rocks hipstershop.cilium.rocks

curl --cacert minica.pem -v https://bookinfo.cilium.rocks/details/1 | jq
  % Total    % Received % Xferd  Average Speed   Time    Time     Time  Current
                                 Dload  Upload   Total   Spent    Left  Speed
  0     0    0     0    0     0      0      0 --:--:-- --:--:-- --:--:--     0*   Trying 172.18.0.200:443...
* Connected to bookinfo.cilium.rocks (172.18.0.200) port 443 (#0)
* ALPN, offering h2
* ALPN, offering http/1.1
*  CAfile: minica.pem
*  CApath: /etc/ssl/certs
* TLSv1.0 (OUT), TLS header, Certificate Status (22):
} [5 bytes data]
* TLSv1.3 (OUT), TLS handshake, Client hello (1):
} [512 bytes data]
* TLSv1.2 (IN), TLS header, Certificate Status (22):
{ [5 bytes data]
* TLSv1.3 (IN), TLS handshake, Server hello (2):
{ [122 bytes data]
* TLSv1.2 (IN), TLS header, Finished (20):
{ [5 bytes data]
* TLSv1.2 (IN), TLS header, Supplemental data (23):
{ [5 bytes data]
* TLSv1.3 (IN), TLS handshake, Encrypted Extensions (8):
{ [6 bytes data]
* TLSv1.3 (IN), TLS handshake, Certificate (11):
{ [839 bytes data]
* TLSv1.3 (IN), TLS handshake, CERT verify (15):
{ [264 bytes data]
* TLSv1.3 (IN), TLS handshake, Finished (20):
{ [52 bytes data]
* TLSv1.2 (OUT), TLS header, Finished (20):
} [5 bytes data]
* TLSv1.3 (OUT), TLS change cipher, Change cipher spec (1):
} [1 bytes data]
* TLSv1.2 (OUT), TLS header, Supplemental data (23):
} [5 bytes data]
* TLSv1.3 (OUT), TLS handshake, Finished (20):
} [52 bytes data]
* SSL connection using TLSv1.3 / TLS_AES_256_GCM_SHA384
* ALPN, server did not agree to a protocol
* Server certificate:
*  subject: CN=*.cilium.rocks
*  start date: May 18 11:11:49 2023 GMT
*  expire date: Jun 17 11:11:49 2025 GMT
*  subjectAltName: host "bookinfo.cilium.rocks" matched cert's "*.cilium.rocks"
*  issuer: CN=minica root ca 59ad50
*  SSL certificate verify ok.
* TLSv1.2 (OUT), TLS header, Supplemental data (23):
} [5 bytes data]
> GET /details/1 HTTP/1.1
> Host: bookinfo.cilium.rocks
> User-Agent: curl/7.81.0
> Accept: */*
> 
* TLSv1.2 (IN), TLS header, Supplemental data (23):
{ [5 bytes data]
* TLSv1.3 (IN), TLS handshake, Newsession Ticket (4):
{ [230 bytes data]
* TLSv1.3 (IN), TLS handshake, Newsession Ticket (4):
{ [230 bytes data]
* old SSL session ID is stale, removing
* TLSv1.2 (IN), TLS header, Supplemental data (23):
{ [5 bytes data]
* Mark bundle as not supporting multiuse
< HTTP/1.1 200 OK
< content-type: application/json
< server: envoy
< date: Thu, 18 May 2023 11:28:02 GMT
< content-length: 178
< x-envoy-upstream-service-time: 1
< 
{ [178 bytes data]
100   178  100   178    0     0  20753      0 --:--:-- --:--:-- --:--:-- 22250
* Connection #0 to host bookinfo.cilium.rocks left intact
{
  "id": 1,
  "author": "William Shakespeare",
  "year": 1595,
  "type": "paperback",
  "pages": 200,
  "publisher": "PublisherA",
  "language": "English",
  "ISBN-10": "1234567890",
  "ISBN-13": "123-1234567890"
}


